<?xml version="1.0" encoding="UTF-8"?>
<!-- Generated by org.testng.reporters.JUnitReportReporter -->
<testsuite hostname="LAPTOP-L5P8IEBT" failures="0" tests="1" name="rahulshettyacademy.AppiumBasics" time="0.376" errors="0" timestamp="2024-02-16T13:27:29 IST" skipped="0">
  <testcase classname="rahulshettyacademy.AppiumBasics" name="AppiumTest" time="0.376"/>
</testsuite> <!-- rahulshettyacademy.AppiumBasics -->
