<?xml version="1.0" encoding="UTF-8"?>
<!-- Generated by org.testng.reporters.JUnitReportReporter -->
<testsuite hostname="LAPTOP-L5P8IEBT" failures="0" tests="1" name="appiumtests.Appium" time="0.444" errors="0" timestamp="2024-02-26T13:58:16 IST" skipped="0">
  <testcase classname="appiumtests.Appium" name="AppiumTest" time="0.444"/>
</testsuite> <!-- appiumtests.Appium -->
