<?xml version="1.0" encoding="UTF-8"?>
<!-- Generated by org.testng.reporters.JUnitReportReporter -->
<testsuite hostname="Ganesh-Bhadrike" failures="0" tests="5" name="com.test.Test2" time="0.022" errors="0" timestamp="2025-04-12T17:36:40 IST" skipped="1">
  <testcase classname="com.test.Test2" name="test2" time="0.002"/>
  <testcase classname="com.test.Test2" name="arp" time="0.010"/>
  <testcase classname="com.test.Test2" name="timeoutMethod" time="0.007"/>
  <testcase classname="com.test.Test2" name="test1" time="0.003"/>
  <testcase classname="com.test.Test2" name="enabledMethod">
    <skipped/>
  </testcase> <!-- enabledMethod -->
</testsuite> <!-- com.test.Test2 -->
