<?xml version="1.0" encoding="UTF-8"?>
<!-- Generated by org.testng.reporters.JUnitReportReporter -->
<testsuite hostname="Ganesh-Bhadrike" failures="0" tests="3" name="com.test.Test3" time="0.005" errors="0" timestamp="2025-04-12T13:58:18 IST" skipped="0">
  <testcase classname="com.test.Test3" name="weblogincarloan" time="0.002"/>
  <testcase classname="com.test.Test3" name="apilogincarloan" time="0.001"/>
  <testcase classname="com.test.Test3" name="mobilelogincarloan" time="0.002"/>
</testsuite> <!-- com.test.Test3 -->
