<?xml version="1.0" encoding="UTF-8"?>
<!-- Generated by org.testng.reporters.JUnitReportReporter -->
<testsuite hostname="LAPTOP-L5P8IEBT" failures="0" tests="1" name="Pratice" time="0.014" errors="0" timestamp="2024-02-16T17:14:31 IST" skipped="0">
  <testcase classname="Pratice" name="test1" time="0.014"/>
</testsuite> <!-- Pratice -->
