<?xml version="1.0" encoding="UTF-8"?>
<!-- Generated by org.testng.reporters.JUnitReportReporter -->
<testsuite hostname="Ganesh-Bhadrike" failures="0" tests="2" name="com.test.Test5" time="0.004" errors="0" timestamp="2025-04-12T13:58:18 IST" skipped="0">
  <testcase classname="com.test.Test5" name="datatocatch" time="0.001"/>
  <testcase classname="com.test.Test5" name="datatocatch" time="0.003"/>
</testsuite> <!-- com.test.Test5 -->
