<?xml version="1.0" encoding="UTF-8"?>
<!-- Generated by org.testng.reporters.JUnitReportReporter -->
<testsuite hostname="Ganesh-Bhadrike" failures="0" tests="1" name="com.test.Practice" time="0.011" errors="0" timestamp="2025-04-12T13:58:18 IST" skipped="0">
  <testcase classname="com.test.Practice" name="test1" time="0.011"/>
</testsuite> <!-- com.test.Practice -->
