<?xml version="1.0" encoding="UTF-8"?>
<!-- Generated by org.testng.reporters.JUnitReportReporter -->
<testsuite hostname="Ganesh-Bhadrike" failures="0" tests="3" name="com.test.Test1" time="0.017" errors="0" timestamp="2025-04-12T17:35:23 IST" skipped="0">
  <testcase classname="com.test.Test1" name="test1" time="0.002"/>
  <testcase classname="com.test.Test1" name="crp" time="0.013"/>
  <testcase classname="com.test.Test1" name="test2" time="0.002"/>
</testsuite> <!-- com.test.Test1 -->
