<?xml version="1.0" encoding="UTF-8"?>
<!-- Generated by org.testng.reporters.JUnitReportReporter -->
<testsuite hostname="LAPTOP-L5P8IEBT" failures="0" tests="1" name="pack2.Test2" time="0.009" errors="0" timestamp="2023-12-28T20:32:09 IST" skipped="0">
  <testcase classname="pack2.Test2" name="page1" time="0.009"/>
</testsuite> <!-- pack2.Test2 -->
